INFO Initializing API SafetyNet.
 2024-10-07T13:05:19.950+0200INFO Starting Projet5SafetynetApiApplication using Java 17.0.11 with PID 13180 (C:\Workspace\_Openclassrooms\projet_formation_java\projet_5\projet_5_safetynet_api\target\classes started by Florent Lecointre in C:\Workspace\_Openclassrooms\projet_formation_java\projet_5\projet_5_safetynet_api)
 2024-10-07T13:05:20.325+0200INFO No active profile set, falling back to 1 default profile: "default"
 2024-10-07T13:05:20.328+0200INFO Started Projet5SafetynetApiApplication in 1.958 seconds (process running for 2.729)
 2024-10-07T13:05:21.971+0200INFO Initializing API SafetyNet.
 2024-10-07T13:07:33.715+0200INFO Starting Projet5SafetynetApiApplication using Java 17.0.11 with PID 13600 (C:\Workspace\_Openclassrooms\projet_formation_java\projet_5\projet_5_safetynet_api\target\classes started by Florent Lecointre in C:\Workspace\_Openclassrooms\projet_formation_java\projet_5\projet_5_safetynet_api)
 2024-10-07T13:07:34.080+0200INFO No active profile set, falling back to 1 default profile: "default"
 2024-10-07T13:07:34.084+0200INFO Started Projet5SafetynetApiApplication in 1.898 seconds (process running for 2.678)
 2024-10-07T13:07:35.677+02002024-10-07T13:09:35.887+0200 INFO Initializing API SafetyNet.
2024-10-07T13:09:36.256+0200 INFO Starting Projet5SafetynetApiApplication using Java 17.0.11 with PID 6208 (C:\Workspace\_Openclassrooms\projet_formation_java\projet_5\projet_5_safetynet_api\target\classes started by Florent Lecointre in C:\Workspace\_Openclassrooms\projet_formation_java\projet_5\projet_5_safetynet_api)
2024-10-07T13:09:36.260+0200 INFO No active profile set, falling back to 1 default profile: "default"
2024-10-07T13:09:37.773+0200 INFO Started Projet5SafetynetApiApplication in 1.824 seconds (process running for 2.6)
2024-10-07T13:12:19.421+0200 INFO Initializing API SafetyNet.
2024-10-07T13:12:19.780+0200 INFO Starting Projet5SafetynetApiApplication using Java 17.0.11 with PID 20284 (C:\Workspace\_Openclassrooms\projet_formation_java\projet_5\projet_5_safetynet_api\target\classes started by Florent Lecointre in C:\Workspace\_Openclassrooms\projet_formation_java\projet_5\projet_5_safetynet_api)
2024-10-07T13:12:19.783+0200 INFO No active profile set, falling back to 1 default profile: "default"
2024-10-07T13:12:21.315+0200 INFO Started Projet5SafetynetApiApplication in 1.833 seconds (process running for 2.599)
2024-10-07T13:14:17.543+0200 INFO Initializing API SafetyNet.
2024-10-07T13:14:17.904+0200 INFO Starting Projet5SafetynetApiApplication using Java 17.0.11 with PID 20076 (C:\Workspace\_Openclassrooms\projet_formation_java\projet_5\projet_5_safetynet_api\target\classes started by Florent Lecointre in C:\Workspace\_Openclassrooms\projet_formation_java\projet_5\projet_5_safetynet_api)
2024-10-07T13:14:17.907+0200 INFO No active profile set, falling back to 1 default profile: "default"
2024-10-07T13:14:19.403+0200 INFO Started Projet5SafetynetApiApplication in 1.795 seconds (process running for 2.6)
2024-10-07T13:16:43.809+0200 INFO Initializing API SafetyNet.
2024-10-07T13:16:44.171+0200 INFO Starting Projet5SafetynetApiApplication using Java 17.0.11 with PID 7048 (C:\Workspace\_Openclassrooms\projet_formation_java\projet_5\projet_5_safetynet_api\target\classes started by Florent Lecointre in C:\Workspace\_Openclassrooms\projet_formation_java\projet_5\projet_5_safetynet_api)
2024-10-07T13:16:44.174+0200 INFO No active profile set, falling back to 1 default profile: "default"
2024-10-07T13:16:45.770+0200 INFO Started Projet5SafetynetApiApplication in 1.898 seconds (process running for 2.722)
2024-10-07T13:16:58.177+0200 INFO Initializing API SafetyNet.
2024-10-07T13:16:58.546+0200 INFO Starting Projet5SafetynetApiApplication using Java 17.0.11 with PID 14276 (C:\Workspace\_Openclassrooms\projet_formation_java\projet_5\projet_5_safetynet_api\target\classes started by Florent Lecointre in C:\Workspace\_Openclassrooms\projet_formation_java\projet_5\projet_5_safetynet_api)
2024-10-07T13:16:58.549+0200 INFO No active profile set, falling back to 1 default profile: "default"
2024-10-07T13:17:00.151+0200 INFO Started Projet5SafetynetApiApplication in 1.91 seconds (process running for 2.693)
2024-10-07T13:17:43.039+0200 INFO Initializing API SafetyNet.
2024-10-07T13:17:43.433+0200 INFO Starting Projet5SafetynetApiApplication using Java 17.0.11 with PID 17612 (C:\Workspace\_Openclassrooms\projet_formation_java\projet_5\projet_5_safetynet_api\target\classes started by Florent Lecointre in C:\Workspace\_Openclassrooms\projet_formation_java\projet_5\projet_5_safetynet_api)
2024-10-07T13:17:43.437+0200 INFO No active profile set, falling back to 1 default profile: "default"
2024-10-07T13:17:44.969+0200 INFO Started Projet5SafetynetApiApplication in 1.86 seconds (process running for 2.669)
INFO Initializing API SafetyNet.
 2024-10-07T13:19:14.299+0200INFO Starting Projet5SafetynetApiApplication using Java 17.0.11 with PID 19960 (C:\Workspace\_Openclassrooms\projet_formation_java\projet_5\projet_5_safetynet_api\target\classes started by Florent Lecointre in C:\Workspace\_Openclassrooms\projet_formation_java\projet_5\projet_5_safetynet_api)
 2024-10-07T13:19:14.651+0200INFO No active profile set, falling back to 1 default profile: "default"
 2024-10-07T13:19:14.654+0200INFO Started Projet5SafetynetApiApplication in 1.757 seconds (process running for 2.534)
 2024-10-07T13:19:16.117+02002024-10-07T13:58:49.480+0200 INFO Initializing API SafetyNet.
2024-10-07T13:58:49.514+0200 TRACE Loaded [org.springframework.boot.BootstrapRegistryInitializer] names: []
2024-10-07T13:58:49.515+0200 TRACE Loaded [org.springframework.context.ApplicationContextInitializer] names: [org.springframework.boot.context.ConfigurationWarningsApplicationContextInitializer, org.springframework.boot.context.ContextIdApplicationContextInitializer, org.springframework.boot.context.config.DelegatingApplicationContextInitializer, org.springframework.boot.rsocket.context.RSocketPortInfoApplicationContextInitializer, org.springframework.boot.web.context.ServerPortInfoApplicationContextInitializer, org.springframework.boot.autoconfigure.SharedMetadataReaderFactoryContextInitializer, org.springframework.boot.autoconfigure.logging.ConditionEvaluationReportLoggingListener]
2024-10-07T13:58:49.528+0200 TRACE Loaded [org.springframework.context.ApplicationListener] names: [org.springframework.boot.ClearCachesApplicationListener, org.springframework.boot.builder.ParentContextCloserApplicationListener, org.springframework.boot.context.FileEncodingApplicationListener, org.springframework.boot.context.config.AnsiOutputApplicationListener, org.springframework.boot.context.config.DelegatingApplicationListener, org.springframework.boot.context.logging.LoggingApplicationListener, org.springframework.boot.env.EnvironmentPostProcessorApplicationListener, org.springframework.boot.autoconfigure.BackgroundPreinitializer]
2024-10-07T13:58:49.545+0200 TRACE Loaded [org.springframework.boot.SpringApplicationRunListener] names: [org.springframework.boot.context.event.EventPublishingRunListener]
2024-10-07T13:58:49.552+0200 TRACE Loaded [org.springframework.boot.logging.LoggingSystemFactory] names: [org.springframework.boot.logging.logback.LogbackLoggingSystem.Factory, org.springframework.boot.logging.log4j2.Log4J2LoggingSystem.Factory, org.springframework.boot.logging.java.JavaLoggingSystem.Factory]
2024-10-07T13:58:49.823+0200 INFO Starting Projet5SafetynetApiApplication using Java 17.0.11 with PID 17232 (C:\Workspace\_Openclassrooms\projet_formation_java\projet_5\projet_5_safetynet_api\target\classes started by Florent Lecointre in C:\Workspace\_Openclassrooms\projet_formation_java\projet_5\projet_5_safetynet_api)
2024-10-07T13:58:49.824+0200 INFO No active profile set, falling back to 1 default profile: "default"
2024-10-07T13:58:51.205+0200 INFO Started Projet5SafetynetApiApplication in 1.664 seconds (process running for 2.399)
2024-10-07T14:01:58.077+0200 INFO Initializing API SafetyNet.
2024-10-07T14:01:58.112+0200 TRACE Loaded [org.springframework.boot.BootstrapRegistryInitializer] names: []
2024-10-07T14:01:58.114+0200 TRACE Loaded [org.springframework.context.ApplicationContextInitializer] names: [org.springframework.boot.context.ConfigurationWarningsApplicationContextInitializer, org.springframework.boot.context.ContextIdApplicationContextInitializer, org.springframework.boot.context.config.DelegatingApplicationContextInitializer, org.springframework.boot.rsocket.context.RSocketPortInfoApplicationContextInitializer, org.springframework.boot.web.context.ServerPortInfoApplicationContextInitializer, org.springframework.boot.autoconfigure.SharedMetadataReaderFactoryContextInitializer, org.springframework.boot.autoconfigure.logging.ConditionEvaluationReportLoggingListener]
2024-10-07T14:01:58.128+0200 TRACE Loaded [org.springframework.context.ApplicationListener] names: [org.springframework.boot.ClearCachesApplicationListener, org.springframework.boot.builder.ParentContextCloserApplicationListener, org.springframework.boot.context.FileEncodingApplicationListener, org.springframework.boot.context.config.AnsiOutputApplicationListener, org.springframework.boot.context.config.DelegatingApplicationListener, org.springframework.boot.context.logging.LoggingApplicationListener, org.springframework.boot.env.EnvironmentPostProcessorApplicationListener, org.springframework.boot.autoconfigure.BackgroundPreinitializer]
2024-10-07T14:01:58.144+0200 TRACE Loaded [org.springframework.boot.SpringApplicationRunListener] names: [org.springframework.boot.context.event.EventPublishingRunListener]
2024-10-07T14:01:58.151+0200 TRACE Loaded [org.springframework.boot.logging.LoggingSystemFactory] names: [org.springframework.boot.logging.logback.LogbackLoggingSystem.Factory, org.springframework.boot.logging.log4j2.Log4J2LoggingSystem.Factory, org.springframework.boot.logging.java.JavaLoggingSystem.Factory]
2024-10-07T14:01:58.435+0200 INFO Starting Projet5SafetynetApiApplication using Java 17.0.11 with PID 17996 (C:\Workspace\_Openclassrooms\projet_formation_java\projet_5\projet_5_safetynet_api\target\classes started by Florent Lecointre in C:\Workspace\_Openclassrooms\projet_formation_java\projet_5\projet_5_safetynet_api)
2024-10-07T14:01:58.442+0200 INFO No active profile set, falling back to 1 default profile: "default"
2024-10-07T14:01:59.908+0200 INFO Started Projet5SafetynetApiApplication in 1.767 seconds (process running for 2.494)
2024-10-07T14:07:21.186+0200 INFO Initializing API SafetyNet.
2024-10-07T14:07:21.529+0200 INFO Starting Projet5SafetynetApiApplication using Java 17.0.11 with PID 20248 (C:\Workspace\_Openclassrooms\projet_formation_java\projet_5\projet_5_safetynet_api\target\classes started by Florent Lecointre in C:\Workspace\_Openclassrooms\projet_formation_java\projet_5\projet_5_safetynet_api)
2024-10-07T14:07:21.532+0200 INFO No active profile set, falling back to 1 default profile: "default"
2024-10-07T14:07:23.060+0200 INFO Started Projet5SafetynetApiApplication in 1.813 seconds (process running for 2.55)
2024-10-07T14:08:56.823+0200 INFO Initializing API SafetyNet.
2024-10-07T14:08:57.158+0200 INFO Starting Projet5SafetynetApiApplication using Java 17.0.11 with PID 16528 (C:\Workspace\_Openclassrooms\projet_formation_java\projet_5\projet_5_safetynet_api\target\classes started by Florent Lecointre in C:\Workspace\_Openclassrooms\projet_formation_java\projet_5\projet_5_safetynet_api)
2024-10-07T14:08:57.160+0200 INFO No active profile set, falling back to 1 default profile: "default"
2024-10-07T14:08:58.528+0200 INFO Started Projet5SafetynetApiApplication in 1.647 seconds (process running for 2.359)
2024-10-07T14:11:30.798+0200 INFO Initializing API SafetyNet.
2024-10-07T14:11:31.142+0200 INFO Starting Projet5SafetynetApiApplication using Java 17.0.11 with PID 20216 (C:\Workspace\_Openclassrooms\projet_formation_java\projet_5\projet_5_safetynet_api\target\classes started by Florent Lecointre in C:\Workspace\_Openclassrooms\projet_formation_java\projet_5\projet_5_safetynet_api)
2024-10-07T14:11:31.145+0200 INFO No active profile set, falling back to 1 default profile: "default"
2024-10-07T14:11:32.488+0200 INFO Started Projet5SafetynetApiApplication in 1.629 seconds (process running for 2.391)
2024-10-07T14:11:36.528+0200 INFO Trying to acces to get all firestations
2024-10-07T14:11:45.514+0200 INFO Trying to acces to get all firestations
2024-10-07T14:16:10.501+0200 INFO Initializing API SafetyNet.
2024-10-07T14:16:10.834+0200 INFO Starting Projet5SafetynetApiApplication using Java 17.0.11 with PID 20044 (C:\Workspace\_Openclassrooms\projet_formation_java\projet_5\projet_5_safetynet_api\target\classes started by Florent Lecointre in C:\Workspace\_Openclassrooms\projet_formation_java\projet_5\projet_5_safetynet_api)
2024-10-07T14:16:10.837+0200 INFO No active profile set, falling back to 1 default profile: "default"
2024-10-07T14:16:11.885+0200 INFO Fetching all data saved in the JSON file.
2024-10-07T14:16:11.887+0200 INFO Fetching all data saved in the JSON file.
2024-10-07T14:16:11.888+0200 INFO Fetching all data saved in the JSON file.
2024-10-07T14:16:11.890+0200 INFO Fetching all data saved in the JSON file.
2024-10-07T14:16:12.238+0200 INFO Started Projet5SafetynetApiApplication in 1.678 seconds (process running for 2.391)
2024-10-07T14:17:04.586+0200 INFO Initializing API SafetyNet.
2024-10-07T14:17:04.937+0200 INFO Starting Projet5SafetynetApiApplication using Java 17.0.11 with PID 19572 (C:\Workspace\_Openclassrooms\projet_formation_java\projet_5\projet_5_safetynet_api\target\classes started by Florent Lecointre in C:\Workspace\_Openclassrooms\projet_formation_java\projet_5\projet_5_safetynet_api)
2024-10-07T14:17:04.940+0200 INFO No active profile set, falling back to 1 default profile: "default"
2024-10-07T14:17:05.942+0200 INFO Fetching all data saved in the JSON file.
2024-10-07T14:17:05.944+0200 INFO Fetching all data saved in the JSON file.
2024-10-07T14:17:05.945+0200 INFO Fetching all data saved in the JSON file.
2024-10-07T14:17:05.948+0200 INFO Fetching all data saved in the JSON file.
2024-10-07T14:17:06.296+0200 INFO Started Projet5SafetynetApiApplication in 1.649 seconds (process running for 2.393)
2024-10-07T14:17:11.146+0200 INFO Trying to acces to get all firestations
2024-10-07T14:17:11.147+0200 INFO Return all firestations saved in the JSON file.
2024-10-07T14:17:17.621+0200 INFO Trying to acces to get all persons
2024-10-07T14:17:17.621+0200 INFO Return all persons saved in the JSON file.
2024-10-07T14:17:21.201+0200 INFO Trying to acces to get all persons informations depending the last name
2024-10-07T14:17:21.202+0200 INFO Return all the Persons informations saved in the JSON file.
2024-10-07T14:17:26.654+0200 INFO Trying to save a person in the json file
2024-10-07T14:17:26.665+0200 INFO Saving all the data in the JSON file.
2024-10-07T14:17:26.669+0200 INFO The person is saved in the JSON file.
2024-10-07T14:17:36.966+0200 INFO Trying to update a person in the json file
2024-10-07T14:17:36.967+0200 INFO Saving all the data in the JSON file.
2024-10-07T14:17:36.968+0200 INFO The person is updated in the JSON file.
2024-10-07T14:17:42.535+0200 INFO Trying to delete a person in the json file
2024-10-07T14:17:42.535+0200 INFO Saving all the data in the JSON file.
2024-10-07T14:17:42.536+0200 INFO The person is deleted in the JSON file.
2024-10-10T10:50:16.425+0200 INFO Initializing API SafetyNet.
2024-10-10T10:50:17.364+0200 INFO Starting Projet5SafetynetApiApplication using Java 17.0.11 with PID 15768 (C:\Workspace\_Openclassrooms\projet_formation_java\projet_5\projet_5_safetynet_api\target\classes started by Florent Lecointre in C:\Workspace\_Openclassrooms\projet_formation_java\projet_5\projet_5_safetynet_api)
2024-10-10T10:50:17.368+0200 INFO No active profile set, falling back to 1 default profile: "default"
2024-10-10T10:50:19.842+0200 INFO Fetching all data saved in the JSON file.
2024-10-10T10:50:19.845+0200 INFO Fetching all data saved in the JSON file.
2024-10-10T10:50:19.847+0200 INFO Fetching all data saved in the JSON file.
2024-10-10T10:50:19.850+0200 INFO Fetching all data saved in the JSON file.
2024-10-10T10:50:20.301+0200 INFO Started Projet5SafetynetApiApplication in 3.656 seconds (process running for 10.055)
2024-10-10T10:51:03.972+0200 INFO Trying to acces to get all persons
2024-10-10T10:51:03.972+0200 INFO Return all persons saved in the JSON file.
2024-10-10T10:51:45.503+0200 INFO Trying to save a person in the json file
2024-10-10T10:51:45.506+0200 INFO Saving all the data in the JSON file.
2024-10-10T10:51:45.511+0200 INFO The person is saved in the JSON file.
2024-10-10T10:52:41.680+0200 INFO Trying to update a person in the json file
2024-10-10T10:52:41.680+0200 INFO Saving all the data in the JSON file.
2024-10-10T10:52:41.681+0200 INFO The person is updated in the JSON file.
2024-10-10T10:53:54.363+0200 INFO Trying to delete a person in the json file
2024-10-10T10:53:54.363+0200 INFO Saving all the data in the JSON file.
2024-10-10T10:53:54.364+0200 INFO The person is deleted in the JSON file.
2024-10-10T10:54:12.158+0200 INFO Trying to save a person in the json file
2024-10-10T10:54:12.159+0200 INFO Saving all the data in the JSON file.
2024-10-10T10:54:12.160+0200 INFO The person is saved in the JSON file.
2024-10-10T10:54:12.915+0200 INFO Trying to save a person in the json file
2024-10-10T10:54:12.915+0200 INFO Saving all the data in the JSON file.
2024-10-10T10:54:12.916+0200 INFO The person is saved in the JSON file.
2024-10-10T10:54:20.853+0200 INFO Trying to delete a person in the json file
2024-10-10T10:54:20.853+0200 INFO Saving all the data in the JSON file.
2024-10-10T10:54:20.854+0200 INFO The person is deleted in the JSON file.
2024-10-10T10:55:32.510+0200 INFO Trying to acces to get all persons depending of the firestation
2024-10-10T10:55:32.512+0200 INFO Return all the Persons with the same address of the stationNumber saved in the JSON file.
2024-10-10T10:55:59.554+0200 INFO Trying to acces to get all persons depending of the firestation
2024-10-10T10:55:59.554+0200 INFO Return all the Persons with the same address of the stationNumber saved in the JSON file.
2024-10-10T10:56:32.128+0200 INFO Trying to acces to get all persons living near a firestation depending of an address
2024-10-10T10:56:32.129+0200 INFO Return all the Persons living in the same address and the firestation saved in the JSON file.
2024-10-10T10:57:09.294+0200 INFO Trying to acces to get all email address of persons depending the city
2024-10-10T10:57:09.294+0200 INFO Return all email address of persons in a city given saved in the JSON file.
2024-10-10T11:52:23.974+0200 INFO Initializing API SafetyNet.
2024-10-10T11:52:24.319+0200 INFO Starting Projet5SafetynetApiApplication using Java 17.0.11 with PID 15376 (C:\Workspace\_Openclassrooms\projet_formation_java\projet_5\projet_5_safetynet_api\target\classes started by Florent Lecointre in C:\Workspace\_Openclassrooms\projet_formation_java\projet_5\projet_5_safetynet_api)
2024-10-10T11:52:24.325+0200 INFO No active profile set, falling back to 1 default profile: "default"
2024-10-10T11:52:25.403+0200 INFO Fetching all data saved in the JSON file.
2024-10-10T11:52:25.405+0200 INFO Fetching all data saved in the JSON file.
2024-10-10T11:52:25.407+0200 INFO Fetching all data saved in the JSON file.
2024-10-10T11:52:25.410+0200 INFO Fetching all data saved in the JSON file.
2024-10-10T11:52:25.780+0200 INFO Started Projet5SafetynetApiApplication in 1.745 seconds (process running for 2.511)
2024-10-10T12:04:18.668+0200 INFO Trying to acces to get all persons
2024-10-10T12:04:18.668+0200 INFO Return all persons saved in the JSON file.
2024-10-10T12:05:13.466+0200 INFO Trying to save a person in the json file
2024-10-10T12:05:13.469+0200 INFO Saving all the data in the JSON file.
2024-10-10T12:05:13.475+0200 INFO The person is saved in the JSON file.
2024-10-10T12:05:58.169+0200 INFO Trying to update a person in the json file
2024-10-10T12:05:58.169+0200 INFO Saving all the data in the JSON file.
2024-10-10T12:05:58.171+0200 INFO The person is updated in the JSON file.
2024-10-10T12:06:42.187+0200 INFO Trying to delete a person in the json file
2024-10-10T12:06:42.188+0200 INFO Saving all the data in the JSON file.
2024-10-10T12:06:42.189+0200 INFO The person is deleted in the JSON file.
2024-10-10T12:07:31.621+0200 INFO Trying to acces to get all persons depending of the firestation
2024-10-10T12:07:31.623+0200 INFO Return all the Persons with the same address of the stationNumber saved in the JSON file.
2024-10-10T12:07:50.062+0200 INFO Trying to acces to get all persons depending of the firestation
2024-10-10T12:07:50.063+0200 INFO Return all the Persons with the same address of the stationNumber saved in the JSON file.
2024-10-10T15:06:23.517+0200 INFO Initializing API SafetyNet.
2024-10-10T15:06:23.860+0200 INFO Starting Projet5SafetynetApiApplication using Java 17.0.11 with PID 14292 (C:\Workspace\_Openclassrooms\projet_formation_java\projet_5\projet_5_safetynet_api\target\classes started by Florent Lecointre in C:\Workspace\_Openclassrooms\projet_formation_java\projet_5\projet_5_safetynet_api)
2024-10-10T15:06:23.863+0200 INFO No active profile set, falling back to 1 default profile: "default"
2024-10-10T15:06:24.917+0200 ERROR Application run failed
org.springframework.beans.factory.UnsatisfiedDependencyException: Error creating bean with name 'firestationController': Unsatisfied dependency expressed through field 'firestationService': Error creating bean with name 'firestationService': Unsatisfied dependency expressed through field 'firestationDAO': Error creating bean with name 'firestationDAO': Invocation of init method failed
	at org.springframework.beans.factory.annotation.AutowiredAnnotationBeanPostProcessor$AutowiredFieldElement.resolveFieldValue(AutowiredAnnotationBeanPostProcessor.java:788) ~[spring-beans-6.1.12.jar:6.1.12]
	at org.springframework.beans.factory.annotation.AutowiredAnnotationBeanPostProcessor$AutowiredFieldElement.inject(AutowiredAnnotationBeanPostProcessor.java:768) ~[spring-beans-6.1.12.jar:6.1.12]
	at org.springframework.beans.factory.annotation.InjectionMetadata.inject(InjectionMetadata.java:145) ~[spring-beans-6.1.12.jar:6.1.12]
	at org.springframework.beans.factory.annotation.AutowiredAnnotationBeanPostProcessor.postProcessProperties(AutowiredAnnotationBeanPostProcessor.java:509) ~[spring-beans-6.1.12.jar:6.1.12]
	at org.springframework.beans.factory.support.AbstractAutowireCapableBeanFactory.populateBean(AbstractAutowireCapableBeanFactory.java:1439) ~[spring-beans-6.1.12.jar:6.1.12]
	at org.springframework.beans.factory.support.AbstractAutowireCapableBeanFactory.doCreateBean(AbstractAutowireCapableBeanFactory.java:599) ~[spring-beans-6.1.12.jar:6.1.12]
	at org.springframework.beans.factory.support.AbstractAutowireCapableBeanFactory.createBean(AbstractAutowireCapableBeanFactory.java:522) ~[spring-beans-6.1.12.jar:6.1.12]
	at org.springframework.beans.factory.support.AbstractBeanFactory.lambda$doGetBean$0(AbstractBeanFactory.java:337) ~[spring-beans-6.1.12.jar:6.1.12]
	at org.springframework.beans.factory.support.DefaultSingletonBeanRegistry.getSingleton(DefaultSingletonBeanRegistry.java:234) ~[spring-beans-6.1.12.jar:6.1.12]
	at org.springframework.beans.factory.support.AbstractBeanFactory.doGetBean(AbstractBeanFactory.java:335) ~[spring-beans-6.1.12.jar:6.1.12]
	at org.springframework.beans.factory.support.AbstractBeanFactory.getBean(AbstractBeanFactory.java:200) ~[spring-beans-6.1.12.jar:6.1.12]
	at org.springframework.beans.factory.support.DefaultListableBeanFactory.preInstantiateSingletons(DefaultListableBeanFactory.java:975) ~[spring-beans-6.1.12.jar:6.1.12]
	at org.springframework.context.support.AbstractApplicationContext.finishBeanFactoryInitialization(AbstractApplicationContext.java:971) ~[spring-context-6.1.12.jar:6.1.12]
	at org.springframework.context.support.AbstractApplicationContext.refresh(AbstractApplicationContext.java:625) ~[spring-context-6.1.12.jar:6.1.12]
	at org.springframework.boot.web.servlet.context.ServletWebServerApplicationContext.refresh(ServletWebServerApplicationContext.java:146) ~[spring-boot-3.3.3.jar:3.3.3]
	at org.springframework.boot.SpringApplication.refresh(SpringApplication.java:754) [spring-boot-3.3.3.jar:3.3.3]
	at org.springframework.boot.SpringApplication.refreshContext(SpringApplication.java:456) [spring-boot-3.3.3.jar:3.3.3]
	at org.springframework.boot.SpringApplication.run(SpringApplication.java:335) [spring-boot-3.3.3.jar:3.3.3]
	at org.springframework.boot.SpringApplication.run(SpringApplication.java:1363) [spring-boot-3.3.3.jar:3.3.3]
	at org.springframework.boot.SpringApplication.run(SpringApplication.java:1352) [spring-boot-3.3.3.jar:3.3.3]
	at com.safetynet.projet_5_safetynet_api.Projet5SafetynetApiApplication.main(Projet5SafetynetApiApplication.java:16) [classes/:?]
Caused by: org.springframework.beans.factory.UnsatisfiedDependencyException: Error creating bean with name 'firestationService': Unsatisfied dependency expressed through field 'firestationDAO': Error creating bean with name 'firestationDAO': Invocation of init method failed
	at org.springframework.beans.factory.annotation.AutowiredAnnotationBeanPostProcessor$AutowiredFieldElement.resolveFieldValue(AutowiredAnnotationBeanPostProcessor.java:788) ~[spring-beans-6.1.12.jar:6.1.12]
	at org.springframework.beans.factory.annotation.AutowiredAnnotationBeanPostProcessor$AutowiredFieldElement.inject(AutowiredAnnotationBeanPostProcessor.java:768) ~[spring-beans-6.1.12.jar:6.1.12]
	at org.springframework.beans.factory.annotation.InjectionMetadata.inject(InjectionMetadata.java:145) ~[spring-beans-6.1.12.jar:6.1.12]
	at org.springframework.beans.factory.annotation.AutowiredAnnotationBeanPostProcessor.postProcessProperties(AutowiredAnnotationBeanPostProcessor.java:509) ~[spring-beans-6.1.12.jar:6.1.12]
	at org.springframework.beans.factory.support.AbstractAutowireCapableBeanFactory.populateBean(AbstractAutowireCapableBeanFactory.java:1439) ~[spring-beans-6.1.12.jar:6.1.12]
	at org.springframework.beans.factory.support.AbstractAutowireCapableBeanFactory.doCreateBean(AbstractAutowireCapableBeanFactory.java:599) ~[spring-beans-6.1.12.jar:6.1.12]
	at org.springframework.beans.factory.support.AbstractAutowireCapableBeanFactory.createBean(AbstractAutowireCapableBeanFactory.java:522) ~[spring-beans-6.1.12.jar:6.1.12]
	at org.springframework.beans.factory.support.AbstractBeanFactory.lambda$doGetBean$0(AbstractBeanFactory.java:337) ~[spring-beans-6.1.12.jar:6.1.12]
	at org.springframework.beans.factory.support.DefaultSingletonBeanRegistry.getSingleton(DefaultSingletonBeanRegistry.java:234) ~[spring-beans-6.1.12.jar:6.1.12]
	at org.springframework.beans.factory.support.AbstractBeanFactory.doGetBean(AbstractBeanFactory.java:335) ~[spring-beans-6.1.12.jar:6.1.12]
	at org.springframework.beans.factory.support.AbstractBeanFactory.getBean(AbstractBeanFactory.java:200) ~[spring-beans-6.1.12.jar:6.1.12]
	at org.springframework.beans.factory.config.DependencyDescriptor.resolveCandidate(DependencyDescriptor.java:254) ~[spring-beans-6.1.12.jar:6.1.12]
	at org.springframework.beans.factory.support.DefaultListableBeanFactory.doResolveDependency(DefaultListableBeanFactory.java:1443) ~[spring-beans-6.1.12.jar:6.1.12]
	at org.springframework.beans.factory.support.DefaultListableBeanFactory.resolveDependency(DefaultListableBeanFactory.java:1353) ~[spring-beans-6.1.12.jar:6.1.12]
	at org.springframework.beans.factory.annotation.AutowiredAnnotationBeanPostProcessor$AutowiredFieldElement.resolveFieldValue(AutowiredAnnotationBeanPostProcessor.java:785) ~[spring-beans-6.1.12.jar:6.1.12]
	... 20 more
Caused by: org.springframework.beans.factory.BeanCreationException: Error creating bean with name 'firestationDAO': Invocation of init method failed
	at org.springframework.beans.factory.annotation.InitDestroyAnnotationBeanPostProcessor.postProcessBeforeInitialization(InitDestroyAnnotationBeanPostProcessor.java:222) ~[spring-beans-6.1.12.jar:6.1.12]
	at org.springframework.beans.factory.support.AbstractAutowireCapableBeanFactory.applyBeanPostProcessorsBeforeInitialization(AbstractAutowireCapableBeanFactory.java:422) ~[spring-beans-6.1.12.jar:6.1.12]
	at org.springframework.beans.factory.support.AbstractAutowireCapableBeanFactory.initializeBean(AbstractAutowireCapableBeanFactory.java:1798) ~[spring-beans-6.1.12.jar:6.1.12]
	at org.springframework.beans.factory.support.AbstractAutowireCapableBeanFactory.doCreateBean(AbstractAutowireCapableBeanFactory.java:600) ~[spring-beans-6.1.12.jar:6.1.12]
	at org.springframework.beans.factory.support.AbstractAutowireCapableBeanFactory.createBean(AbstractAutowireCapableBeanFactory.java:522) ~[spring-beans-6.1.12.jar:6.1.12]
	at org.springframework.beans.factory.support.AbstractBeanFactory.lambda$doGetBean$0(AbstractBeanFactory.java:337) ~[spring-beans-6.1.12.jar:6.1.12]
	at org.springframework.beans.factory.support.DefaultSingletonBeanRegistry.getSingleton(DefaultSingletonBeanRegistry.java:234) ~[spring-beans-6.1.12.jar:6.1.12]
	at org.springframework.beans.factory.support.AbstractBeanFactory.doGetBean(AbstractBeanFactory.java:335) ~[spring-beans-6.1.12.jar:6.1.12]
	at org.springframework.beans.factory.support.AbstractBeanFactory.getBean(AbstractBeanFactory.java:200) ~[spring-beans-6.1.12.jar:6.1.12]
	at org.springframework.beans.factory.config.DependencyDescriptor.resolveCandidate(DependencyDescriptor.java:254) ~[spring-beans-6.1.12.jar:6.1.12]
	at org.springframework.beans.factory.support.DefaultListableBeanFactory.doResolveDependency(DefaultListableBeanFactory.java:1443) ~[spring-beans-6.1.12.jar:6.1.12]
	at org.springframework.beans.factory.support.DefaultListableBeanFactory.resolveDependency(DefaultListableBeanFactory.java:1353) ~[spring-beans-6.1.12.jar:6.1.12]
	at org.springframework.beans.factory.annotation.AutowiredAnnotationBeanPostProcessor$AutowiredFieldElement.resolveFieldValue(AutowiredAnnotationBeanPostProcessor.java:785) ~[spring-beans-6.1.12.jar:6.1.12]
	at org.springframework.beans.factory.annotation.AutowiredAnnotationBeanPostProcessor$AutowiredFieldElement.inject(AutowiredAnnotationBeanPostProcessor.java:768) ~[spring-beans-6.1.12.jar:6.1.12]
	at org.springframework.beans.factory.annotation.InjectionMetadata.inject(InjectionMetadata.java:145) ~[spring-beans-6.1.12.jar:6.1.12]
	at org.springframework.beans.factory.annotation.AutowiredAnnotationBeanPostProcessor.postProcessProperties(AutowiredAnnotationBeanPostProcessor.java:509) ~[spring-beans-6.1.12.jar:6.1.12]
	at org.springframework.beans.factory.support.AbstractAutowireCapableBeanFactory.populateBean(AbstractAutowireCapableBeanFactory.java:1439) ~[spring-beans-6.1.12.jar:6.1.12]
	at org.springframework.beans.factory.support.AbstractAutowireCapableBeanFactory.doCreateBean(AbstractAutowireCapableBeanFactory.java:599) ~[spring-beans-6.1.12.jar:6.1.12]
	at org.springframework.beans.factory.support.AbstractAutowireCapableBeanFactory.createBean(AbstractAutowireCapableBeanFactory.java:522) ~[spring-beans-6.1.12.jar:6.1.12]
	at org.springframework.beans.factory.support.AbstractBeanFactory.lambda$doGetBean$0(AbstractBeanFactory.java:337) ~[spring-beans-6.1.12.jar:6.1.12]
	at org.springframework.beans.factory.support.DefaultSingletonBeanRegistry.getSingleton(DefaultSingletonBeanRegistry.java:234) ~[spring-beans-6.1.12.jar:6.1.12]
	at org.springframework.beans.factory.support.AbstractBeanFactory.doGetBean(AbstractBeanFactory.java:335) ~[spring-beans-6.1.12.jar:6.1.12]
	at org.springframework.beans.factory.support.AbstractBeanFactory.getBean(AbstractBeanFactory.java:200) ~[spring-beans-6.1.12.jar:6.1.12]
	at org.springframework.beans.factory.config.DependencyDescriptor.resolveCandidate(DependencyDescriptor.java:254) ~[spring-beans-6.1.12.jar:6.1.12]
	at org.springframework.beans.factory.support.DefaultListableBeanFactory.doResolveDependency(DefaultListableBeanFactory.java:1443) ~[spring-beans-6.1.12.jar:6.1.12]
	at org.springframework.beans.factory.support.DefaultListableBeanFactory.resolveDependency(DefaultListableBeanFactory.java:1353) ~[spring-beans-6.1.12.jar:6.1.12]
	at org.springframework.beans.factory.annotation.AutowiredAnnotationBeanPostProcessor$AutowiredFieldElement.resolveFieldValue(AutowiredAnnotationBeanPostProcessor.java:785) ~[spring-beans-6.1.12.jar:6.1.12]
	... 20 more
Caused by: java.io.FileNotFoundException: \projet_5_sefetynet_api\data.json (Le chemin d’accès spécifié est introuvable)
	at java.base/java.io.FileInputStream.open0(Native Method) ~[?:?]
	at java.base/java.io.FileInputStream.open(FileInputStream.java:216) ~[?:?]
	at java.base/java.io.FileInputStream.<init>(FileInputStream.java:157) ~[?:?]
	at com.fasterxml.jackson.core.TokenStreamFactory._fileInputStream(TokenStreamFactory.java:318) ~[jackson-core-2.17.2.jar:2.17.2]
	at com.fasterxml.jackson.core.JsonFactory.createParser(JsonFactory.java:1219) ~[jackson-core-2.17.2.jar:2.17.2]
	at com.fasterxml.jackson.databind.ObjectMapper.readValue(ObjectMapper.java:3713) ~[jackson-databind-2.17.2.jar:2.17.2]
	at com.safetynet.projet_5_safetynet_api.util.DataManager.getAllData(DataManager.java:46) ~[classes/:?]
	at com.safetynet.projet_5_safetynet_api.repository.FirestationDAO.initData(FirestationDAO.java:46) ~[classes/:?]
	at java.base/jdk.internal.reflect.NativeMethodAccessorImpl.invoke0(Native Method) ~[?:?]
	at java.base/jdk.internal.reflect.NativeMethodAccessorImpl.invoke(NativeMethodAccessorImpl.java:77) ~[?:?]
	at java.base/jdk.internal.reflect.DelegatingMethodAccessorImpl.invoke(DelegatingMethodAccessorImpl.java:43) ~[?:?]
	at java.base/java.lang.reflect.Method.invoke(Method.java:568) ~[?:?]
	at org.springframework.beans.factory.annotation.InitDestroyAnnotationBeanPostProcessor$LifecycleMethod.invoke(InitDestroyAnnotationBeanPostProcessor.java:457) ~[spring-beans-6.1.12.jar:6.1.12]
	at org.springframework.beans.factory.annotation.InitDestroyAnnotationBeanPostProcessor$LifecycleMetadata.invokeInitMethods(InitDestroyAnnotationBeanPostProcessor.java:401) ~[spring-beans-6.1.12.jar:6.1.12]
	at org.springframework.beans.factory.annotation.InitDestroyAnnotationBeanPostProcessor.postProcessBeforeInitialization(InitDestroyAnnotationBeanPostProcessor.java:219) ~[spring-beans-6.1.12.jar:6.1.12]
	at org.springframework.beans.factory.support.AbstractAutowireCapableBeanFactory.applyBeanPostProcessorsBeforeInitialization(AbstractAutowireCapableBeanFactory.java:422) ~[spring-beans-6.1.12.jar:6.1.12]
	at org.springframework.beans.factory.support.AbstractAutowireCapableBeanFactory.initializeBean(AbstractAutowireCapableBeanFactory.java:1798) ~[spring-beans-6.1.12.jar:6.1.12]
	at org.springframework.beans.factory.support.AbstractAutowireCapableBeanFactory.doCreateBean(AbstractAutowireCapableBeanFactory.java:600) ~[spring-beans-6.1.12.jar:6.1.12]
	at org.springframework.beans.factory.support.AbstractAutowireCapableBeanFactory.createBean(AbstractAutowireCapableBeanFactory.java:522) ~[spring-beans-6.1.12.jar:6.1.12]
	at org.springframework.beans.factory.support.AbstractBeanFactory.lambda$doGetBean$0(AbstractBeanFactory.java:337) ~[spring-beans-6.1.12.jar:6.1.12]
	at org.springframework.beans.factory.support.DefaultSingletonBeanRegistry.getSingleton(DefaultSingletonBeanRegistry.java:234) ~[spring-beans-6.1.12.jar:6.1.12]
	at org.springframework.beans.factory.support.AbstractBeanFactory.doGetBean(AbstractBeanFactory.java:335) ~[spring-beans-6.1.12.jar:6.1.12]
	at org.springframework.beans.factory.support.AbstractBeanFactory.getBean(AbstractBeanFactory.java:200) ~[spring-beans-6.1.12.jar:6.1.12]
	at org.springframework.beans.factory.config.DependencyDescriptor.resolveCandidate(DependencyDescriptor.java:254) ~[spring-beans-6.1.12.jar:6.1.12]
	at org.springframework.beans.factory.support.DefaultListableBeanFactory.doResolveDependency(DefaultListableBeanFactory.java:1443) ~[spring-beans-6.1.12.jar:6.1.12]
	at org.springframework.beans.factory.support.DefaultListableBeanFactory.resolveDependency(DefaultListableBeanFactory.java:1353) ~[spring-beans-6.1.12.jar:6.1.12]
	at org.springframework.beans.factory.annotation.AutowiredAnnotationBeanPostProcessor$AutowiredFieldElement.resolveFieldValue(AutowiredAnnotationBeanPostProcessor.java:785) ~[spring-beans-6.1.12.jar:6.1.12]
	at org.springframework.beans.factory.annotation.AutowiredAnnotationBeanPostProcessor$AutowiredFieldElement.inject(AutowiredAnnotationBeanPostProcessor.java:768) ~[spring-beans-6.1.12.jar:6.1.12]
	at org.springframework.beans.factory.annotation.InjectionMetadata.inject(InjectionMetadata.java:145) ~[spring-beans-6.1.12.jar:6.1.12]
	at org.springframework.beans.factory.annotation.AutowiredAnnotationBeanPostProcessor.postProcessProperties(AutowiredAnnotationBeanPostProcessor.java:509) ~[spring-beans-6.1.12.jar:6.1.12]
	at org.springframework.beans.factory.support.AbstractAutowireCapableBeanFactory.populateBean(AbstractAutowireCapableBeanFactory.java:1439) ~[spring-beans-6.1.12.jar:6.1.12]
	at org.springframework.beans.factory.support.AbstractAutowireCapableBeanFactory.doCreateBean(AbstractAutowireCapableBeanFactory.java:599) ~[spring-beans-6.1.12.jar:6.1.12]
	at org.springframework.beans.factory.support.AbstractAutowireCapableBeanFactory.createBean(AbstractAutowireCapableBeanFactory.java:522) ~[spring-beans-6.1.12.jar:6.1.12]
	at org.springframework.beans.factory.support.AbstractBeanFactory.lambda$doGetBean$0(AbstractBeanFactory.java:337) ~[spring-beans-6.1.12.jar:6.1.12]
	at org.springframework.beans.factory.support.DefaultSingletonBeanRegistry.getSingleton(DefaultSingletonBeanRegistry.java:234) ~[spring-beans-6.1.12.jar:6.1.12]
	at org.springframework.beans.factory.support.AbstractBeanFactory.doGetBean(AbstractBeanFactory.java:335) ~[spring-beans-6.1.12.jar:6.1.12]
	at org.springframework.beans.factory.support.AbstractBeanFactory.getBean(AbstractBeanFactory.java:200) ~[spring-beans-6.1.12.jar:6.1.12]
	at org.springframework.beans.factory.config.DependencyDescriptor.resolveCandidate(DependencyDescriptor.java:254) ~[spring-beans-6.1.12.jar:6.1.12]
	at org.springframework.beans.factory.support.DefaultListableBeanFactory.doResolveDependency(DefaultListableBeanFactory.java:1443) ~[spring-beans-6.1.12.jar:6.1.12]
	at org.springframework.beans.factory.support.DefaultListableBeanFactory.resolveDependency(DefaultListableBeanFactory.java:1353) ~[spring-beans-6.1.12.jar:6.1.12]
	at org.springframework.beans.factory.annotation.AutowiredAnnotationBeanPostProcessor$AutowiredFieldElement.resolveFieldValue(AutowiredAnnotationBeanPostProcessor.java:785) ~[spring-beans-6.1.12.jar:6.1.12]
	... 20 more
2024-10-10T15:08:21.734+0200 INFO Initializing API SafetyNet.
2024-10-10T15:08:22.076+0200 INFO Starting Projet5SafetynetApiApplication using Java 17.0.11 with PID 16256 (C:\Workspace\_Openclassrooms\projet_formation_java\projet_5\projet_5_safetynet_api\target\classes started by Florent Lecointre in C:\Workspace\_Openclassrooms\projet_formation_java\projet_5\projet_5_safetynet_api)
2024-10-10T15:08:22.079+0200 INFO No active profile set, falling back to 1 default profile: "default"
2024-10-10T15:08:23.084+0200 INFO Fetching all data saved in the JSON file.
2024-10-10T15:08:23.086+0200 INFO Fetching all data saved in the JSON file.
2024-10-10T15:08:23.088+0200 INFO Fetching all data saved in the JSON file.
2024-10-10T15:08:23.091+0200 INFO Fetching all data saved in the JSON file.
2024-10-10T15:08:23.444+0200 INFO Started Projet5SafetynetApiApplication in 1.65 seconds (process running for 2.387)
2024-10-10T15:09:15.201+0200 INFO Trying to acces to get all persons
2024-10-10T15:09:15.201+0200 INFO Return all persons saved in the JSON file.
2024-10-10T15:09:18.417+0200 INFO Trying to save a person in the json file
2024-10-10T15:09:18.420+0200 INFO Saving all the data in the JSON file.
2024-10-10T15:09:18.424+0200 INFO The person is saved in the JSON file.
2024-10-10T15:09:21.009+0200 INFO Trying to update a person in the json file
2024-10-10T15:09:21.009+0200 INFO Saving all the data in the JSON file.
2024-10-10T15:09:21.011+0200 INFO The person is updated in the JSON file.
2024-10-10T15:09:40.686+0200 INFO Trying to delete a person in the json file
2024-10-10T15:09:40.686+0200 INFO Saving all the data in the JSON file.
2024-10-10T15:09:40.687+0200 INFO The person is deleted in the JSON file.
2024-10-10T15:10:32.102+0200 INFO Trying to acces to get all persons depending of the firestation
2024-10-10T15:10:32.105+0200 INFO Return all the Persons with the same address of the stationNumber saved in the JSON file.
2024-10-10T15:53:06.759+0200 INFO Initializing API SafetyNet.
2024-10-10T15:53:07.096+0200 INFO Starting Projet5SafetynetApiApplication using Java 17.0.11 with PID 16144 (C:\Workspace\_Openclassrooms\projet_formation_java\projet_5\projet_5_safetynet_api\target\classes started by Florent Lecointre in C:\Workspace\_Openclassrooms\projet_formation_java\projet_5\projet_5_safetynet_api)
2024-10-10T15:53:07.098+0200 INFO No active profile set, falling back to 1 default profile: "default"
2024-10-10T15:53:08.127+0200 INFO Fetching all data saved in the JSON file.
2024-10-10T15:53:08.129+0200 INFO Fetching all data saved in the JSON file.
2024-10-10T15:53:08.131+0200 INFO Fetching all data saved in the JSON file.
2024-10-10T15:53:08.134+0200 INFO Fetching all data saved in the JSON file.
2024-10-10T15:53:08.480+0200 INFO Started Projet5SafetynetApiApplication in 1.662 seconds (process running for 2.372)
2024-10-10T15:53:16.744+0200 ERROR Servlet.service() for servlet [dispatcherServlet] in context with path [] threw exception [Handler dispatch failed: java.lang.Error: Unresolved compilation problems: 
	Unhandled exception type StreamReadException
	Unhandled exception type DatabindException
	Unhandled exception type IOException
] with root cause
java.lang.Error: Unresolved compilation problems: 
	Unhandled exception type StreamReadException
	Unhandled exception type DatabindException
	Unhandled exception type IOException

	at com.safetynet.projet_5_safetynet_api.controller.UnitaryEndpointsController.getPersonsDependingOnTheStationNumber(UnitaryEndpointsController.java:45) ~[classes/:?]
	at java.base/jdk.internal.reflect.NativeMethodAccessorImpl.invoke0(Native Method) ~[?:?]
	at java.base/jdk.internal.reflect.NativeMethodAccessorImpl.invoke(NativeMethodAccessorImpl.java:77) ~[?:?]
	at java.base/jdk.internal.reflect.DelegatingMethodAccessorImpl.invoke(DelegatingMethodAccessorImpl.java:43) ~[?:?]
	at java.base/java.lang.reflect.Method.invoke(Method.java:568) ~[?:?]
	at org.springframework.web.method.support.InvocableHandlerMethod.doInvoke(InvocableHandlerMethod.java:255) ~[spring-web-6.1.12.jar:6.1.12]
	at org.springframework.web.method.support.InvocableHandlerMethod.invokeForRequest(InvocableHandlerMethod.java:188) ~[spring-web-6.1.12.jar:6.1.12]
	at org.springframework.web.servlet.mvc.method.annotation.ServletInvocableHandlerMethod.invokeAndHandle(ServletInvocableHandlerMethod.java:118) ~[spring-webmvc-6.1.12.jar:6.1.12]
	at org.springframework.web.servlet.mvc.method.annotation.RequestMappingHandlerAdapter.invokeHandlerMethod(RequestMappingHandlerAdapter.java:926) ~[spring-webmvc-6.1.12.jar:6.1.12]
	at org.springframework.web.servlet.mvc.method.annotation.RequestMappingHandlerAdapter.handleInternal(RequestMappingHandlerAdapter.java:831) ~[spring-webmvc-6.1.12.jar:6.1.12]
	at org.springframework.web.servlet.mvc.method.AbstractHandlerMethodAdapter.handle(AbstractHandlerMethodAdapter.java:87) ~[spring-webmvc-6.1.12.jar:6.1.12]
	at org.springframework.web.servlet.DispatcherServlet.doDispatch(DispatcherServlet.java:1089) ~[spring-webmvc-6.1.12.jar:6.1.12]
	at org.springframework.web.servlet.DispatcherServlet.doService(DispatcherServlet.java:979) ~[spring-webmvc-6.1.12.jar:6.1.12]
	at org.springframework.web.servlet.FrameworkServlet.processRequest(FrameworkServlet.java:1014) ~[spring-webmvc-6.1.12.jar:6.1.12]
	at org.springframework.web.servlet.FrameworkServlet.doGet(FrameworkServlet.java:903) ~[spring-webmvc-6.1.12.jar:6.1.12]
	at jakarta.servlet.http.HttpServlet.service(HttpServlet.java:564) ~[tomcat-embed-core-10.1.28.jar:6.0]
	at org.springframework.web.servlet.FrameworkServlet.service(FrameworkServlet.java:885) ~[spring-webmvc-6.1.12.jar:6.1.12]
	at jakarta.servlet.http.HttpServlet.service(HttpServlet.java:658) ~[tomcat-embed-core-10.1.28.jar:6.0]
	at org.apache.catalina.core.ApplicationFilterChain.internalDoFilter(ApplicationFilterChain.java:195) ~[tomcat-embed-core-10.1.28.jar:10.1.28]
	at org.apache.catalina.core.ApplicationFilterChain.doFilter(ApplicationFilterChain.java:140) ~[tomcat-embed-core-10.1.28.jar:10.1.28]
	at org.apache.tomcat.websocket.server.WsFilter.doFilter(WsFilter.java:51) ~[tomcat-embed-websocket-10.1.28.jar:10.1.28]
	at org.apache.catalina.core.ApplicationFilterChain.internalDoFilter(ApplicationFilterChain.java:164) ~[tomcat-embed-core-10.1.28.jar:10.1.28]
	at org.apache.catalina.core.ApplicationFilterChain.doFilter(ApplicationFilterChain.java:140) ~[tomcat-embed-core-10.1.28.jar:10.1.28]
	at org.springframework.web.filter.RequestContextFilter.doFilterInternal(RequestContextFilter.java:100) ~[spring-web-6.1.12.jar:6.1.12]
	at org.springframework.web.filter.OncePerRequestFilter.doFilter(OncePerRequestFilter.java:116) ~[spring-web-6.1.12.jar:6.1.12]
	at org.apache.catalina.core.ApplicationFilterChain.internalDoFilter(ApplicationFilterChain.java:164) ~[tomcat-embed-core-10.1.28.jar:10.1.28]
	at org.apache.catalina.core.ApplicationFilterChain.doFilter(ApplicationFilterChain.java:140) ~[tomcat-embed-core-10.1.28.jar:10.1.28]
	at org.springframework.web.filter.FormContentFilter.doFilterInternal(FormContentFilter.java:93) ~[spring-web-6.1.12.jar:6.1.12]
	at org.springframework.web.filter.OncePerRequestFilter.doFilter(OncePerRequestFilter.java:116) ~[spring-web-6.1.12.jar:6.1.12]
	at org.apache.catalina.core.ApplicationFilterChain.internalDoFilter(ApplicationFilterChain.java:164) ~[tomcat-embed-core-10.1.28.jar:10.1.28]
	at org.apache.catalina.core.ApplicationFilterChain.doFilter(ApplicationFilterChain.java:140) ~[tomcat-embed-core-10.1.28.jar:10.1.28]
	at org.springframework.web.filter.CharacterEncodingFilter.doFilterInternal(CharacterEncodingFilter.java:201) ~[spring-web-6.1.12.jar:6.1.12]
	at org.springframework.web.filter.OncePerRequestFilter.doFilter(OncePerRequestFilter.java:116) ~[spring-web-6.1.12.jar:6.1.12]
	at org.apache.catalina.core.ApplicationFilterChain.internalDoFilter(ApplicationFilterChain.java:164) ~[tomcat-embed-core-10.1.28.jar:10.1.28]
	at org.apache.catalina.core.ApplicationFilterChain.doFilter(ApplicationFilterChain.java:140) ~[tomcat-embed-core-10.1.28.jar:10.1.28]
	at org.apache.catalina.core.StandardWrapperValve.invoke(StandardWrapperValve.java:167) [tomcat-embed-core-10.1.28.jar:10.1.28]
	at org.apache.catalina.core.StandardContextValve.invoke(StandardContextValve.java:90) [tomcat-embed-core-10.1.28.jar:10.1.28]
	at org.apache.catalina.authenticator.AuthenticatorBase.invoke(AuthenticatorBase.java:483) [tomcat-embed-core-10.1.28.jar:10.1.28]
	at org.apache.catalina.core.StandardHostValve.invoke(StandardHostValve.java:115) [tomcat-embed-core-10.1.28.jar:10.1.28]
	at org.apache.catalina.valves.ErrorReportValve.invoke(ErrorReportValve.java:93) [tomcat-embed-core-10.1.28.jar:10.1.28]
	at org.apache.catalina.core.StandardEngineValve.invoke(StandardEngineValve.java:74) [tomcat-embed-core-10.1.28.jar:10.1.28]
	at org.apache.catalina.connector.CoyoteAdapter.service(CoyoteAdapter.java:344) [tomcat-embed-core-10.1.28.jar:10.1.28]
	at org.apache.coyote.http11.Http11Processor.service(Http11Processor.java:384) [tomcat-embed-core-10.1.28.jar:10.1.28]
	at org.apache.coyote.AbstractProcessorLight.process(AbstractProcessorLight.java:63) [tomcat-embed-core-10.1.28.jar:10.1.28]
	at org.apache.coyote.AbstractProtocol$ConnectionHandler.process(AbstractProtocol.java:904) [tomcat-embed-core-10.1.28.jar:10.1.28]
	at org.apache.tomcat.util.net.NioEndpoint$SocketProcessor.doRun(NioEndpoint.java:1741) [tomcat-embed-core-10.1.28.jar:10.1.28]
	at org.apache.tomcat.util.net.SocketProcessorBase.run(SocketProcessorBase.java:52) [tomcat-embed-core-10.1.28.jar:10.1.28]
	at org.apache.tomcat.util.threads.ThreadPoolExecutor.runWorker(ThreadPoolExecutor.java:1190) [tomcat-embed-core-10.1.28.jar:10.1.28]
	at org.apache.tomcat.util.threads.ThreadPoolExecutor$Worker.run(ThreadPoolExecutor.java:659) [tomcat-embed-core-10.1.28.jar:10.1.28]
	at org.apache.tomcat.util.threads.TaskThread$WrappingRunnable.run(TaskThread.java:63) [tomcat-embed-core-10.1.28.jar:10.1.28]
	at java.base/java.lang.Thread.run(Thread.java:840) [?:?]
2024-10-10T15:53:50.886+0200 INFO Initializing API SafetyNet.
2024-10-10T15:53:51.220+0200 INFO Starting Projet5SafetynetApiApplication using Java 17.0.11 with PID 16708 (C:\Workspace\_Openclassrooms\projet_formation_java\projet_5\projet_5_safetynet_api\target\classes started by Florent Lecointre in C:\Workspace\_Openclassrooms\projet_formation_java\projet_5\projet_5_safetynet_api)
2024-10-10T15:53:51.222+0200 INFO No active profile set, falling back to 1 default profile: "default"
2024-10-10T15:53:52.228+0200 INFO Fetching all data saved in the JSON file.
2024-10-10T15:53:52.230+0200 INFO Fetching all data saved in the JSON file.
2024-10-10T15:53:52.232+0200 INFO Fetching all data saved in the JSON file.
2024-10-10T15:53:52.235+0200 INFO Fetching all data saved in the JSON file.
2024-10-10T15:53:52.594+0200 INFO Started Projet5SafetynetApiApplication in 1.649 seconds (process running for 2.363)
2024-10-10T15:53:56.271+0200 INFO Trying to acces to get all persons depending of the firestation
2024-10-10T15:53:56.272+0200 INFO Return all firestations saved in the JSON file.
2024-10-10T15:53:56.272+0200 INFO Return all persons saved in the JSON file.
2024-10-10T15:53:56.272+0200 INFO Return all medicalrecords saved in the JSON file.
2024-10-10T15:53:56.274+0200 INFO Return all the Persons with the same address of the stationNumber saved in the JSON file.
2024-10-10T16:40:34.852+0200 INFO Initializing API SafetyNet.
2024-10-10T16:40:35.189+0200 INFO Starting Projet5SafetynetApiApplication using Java 17.0.11 with PID 9084 (C:\Workspace\_Openclassrooms\projet_formation_java\projet_5\projet_5_safetynet_api\target\classes started by Florent Lecointre in C:\Workspace\_Openclassrooms\projet_formation_java\projet_5\projet_5_safetynet_api)
2024-10-10T16:40:35.191+0200 INFO No active profile set, falling back to 1 default profile: "default"
2024-10-10T16:40:36.214+0200 INFO Fetching all data saved in the JSON file.
2024-10-10T16:40:36.216+0200 INFO Fetching all data saved in the JSON file.
2024-10-10T16:40:36.218+0200 INFO Fetching all data saved in the JSON file.
2024-10-10T16:40:36.221+0200 INFO Fetching all data saved in the JSON file.
2024-10-10T16:40:36.591+0200 INFO Started Projet5SafetynetApiApplication in 1.678 seconds (process running for 2.411)
2024-10-10T16:40:41.185+0200 INFO Trying to acces to get all persons depending of the firestation
2024-10-10T16:40:41.186+0200 INFO Return all firestations saved in the JSON file.
2024-10-10T16:40:41.186+0200 INFO Return all persons saved in the JSON file.
2024-10-10T16:40:41.186+0200 INFO Return all medicalrecords saved in the JSON file.
2024-10-10T16:40:41.188+0200 INFO Return all the Persons with the same address of the stationNumber saved in the JSON file.
2024-10-10T17:27:05.724+0200 INFO Initializing API SafetyNet.
2024-10-10T17:27:06.063+0200 INFO Starting Projet5SafetynetApiApplication using Java 17.0.11 with PID 12788 (C:\Workspace\_Openclassrooms\projet_formation_java\projet_5\projet_5_safetynet_api\target\classes started by Florent Lecointre in C:\Workspace\_Openclassrooms\projet_formation_java\projet_5\projet_5_safetynet_api)
2024-10-10T17:27:06.066+0200 INFO No active profile set, falling back to 1 default profile: "default"
2024-10-10T17:27:07.089+0200 INFO Fetching all data saved in the JSON file.
2024-10-10T17:27:07.091+0200 INFO Fetching all data saved in the JSON file.
2024-10-10T17:27:07.093+0200 INFO Fetching all data saved in the JSON file.
2024-10-10T17:27:07.097+0200 INFO Fetching all data saved in the JSON file.
2024-10-10T17:27:07.464+0200 INFO Started Projet5SafetynetApiApplication in 1.679 seconds (process running for 2.408)
2024-10-10T17:27:07.851+0200 INFO Trying to acces to get all children and their parents depending the address
2024-10-10T17:27:07.851+0200 INFO Return all persons saved in the JSON file.
2024-10-10T17:27:07.851+0200 INFO Return all medicalrecords saved in the JSON file.
2024-10-10T17:27:07.854+0200 INFO Return all children depending of the address and their house members saved in the JSON file.
2024-10-10T17:27:13.038+0200 INFO Trying to acces to get all phone numbers of persons depending of an address
2024-10-10T17:27:13.038+0200 INFO Return all firestations saved in the JSON file.
2024-10-10T17:27:13.038+0200 INFO Return the phone numbers denpending oh the firestation number given saved in the JSON file.
2024-10-10T17:27:13.038+0200 INFO Return all persons saved in the JSON file.
2024-10-10T17:27:17.934+0200 INFO Trying to acces to get all persons living near a firestation depending of an address
2024-10-10T17:27:17.934+0200 INFO Return all firestations saved in the JSON file.
2024-10-10T17:27:17.934+0200 INFO Return all medicalrecords saved in the JSON file.
2024-10-10T17:27:17.934+0200 INFO Return all persons saved in the JSON file.
2024-10-10T17:27:17.934+0200 INFO Return all the Persons living in the same address and the firestation saved in the JSON file.
2024-10-10T17:27:24.684+0200 INFO Trying to acces to get all email address of persons depending the city
2024-10-10T17:27:24.684+0200 INFO Return all email address of persons in a city given saved in the JSON file.
2024-10-10T17:27:24.684+0200 INFO Return all persons saved in the JSON file.
2024-10-10T17:27:32.177+0200 INFO Trying to acces to get all persons living near a firestation depending of a station number
2024-10-10T17:27:32.177+0200 INFO Return all firestations saved in the JSON file.
2024-10-10T17:27:32.177+0200 INFO Return all medicalrecords saved in the JSON file.
2024-10-10T17:27:32.177+0200 INFO Return all persons saved in the JSON file.
2024-10-10T17:27:32.177+0200 INFO Return all medicalrecords saved in the JSON file.
2024-10-10T17:27:32.178+0200 INFO Return all persons saved in the JSON file.
2024-10-10T17:27:32.178+0200 INFO Return all medicalrecords saved in the JSON file.
2024-10-10T17:27:32.178+0200 INFO Return all persons saved in the JSON file.
2024-10-10T17:27:32.178+0200 INFO Return all medicalrecords saved in the JSON file.
2024-10-10T17:27:32.178+0200 INFO Return all persons saved in the JSON file.
2024-10-10T17:27:32.178+0200 INFO Return all medicalrecords saved in the JSON file.
2024-10-10T17:27:32.178+0200 INFO Return all persons saved in the JSON file.
2024-10-10T17:27:32.178+0200 INFO Return all medicalrecords saved in the JSON file.
2024-10-10T17:27:32.178+0200 INFO Return all persons saved in the JSON file.
2024-10-10T17:27:32.178+0200 INFO Return all medicalrecords saved in the JSON file.
2024-10-10T17:27:32.178+0200 INFO Return all persons saved in the JSON file.
2024-10-10T17:27:32.178+0200 INFO Return all medicalrecords saved in the JSON file.
2024-10-10T17:27:32.178+0200 INFO Return all persons saved in the JSON file.
2024-10-10T17:27:32.178+0200 INFO Return all medicalrecords saved in the JSON file.
2024-10-10T17:27:32.178+0200 INFO Return all persons saved in the JSON file.
2024-10-10T17:27:32.178+0200 INFO Return all medicalrecords saved in the JSON file.
2024-10-10T17:27:32.178+0200 INFO Return all persons saved in the JSON file.
2024-10-10T17:27:32.179+0200 INFO Return all medicalrecords saved in the JSON file.
2024-10-10T17:27:32.179+0200 INFO Return all persons saved in the JSON file.
2024-10-10T17:27:32.179+0200 INFO Return all medicalrecords saved in the JSON file.
2024-10-10T17:27:32.179+0200 INFO Return all persons saved in the JSON file.
2024-10-10T17:27:32.179+0200 INFO Return all medicalrecords saved in the JSON file.
2024-10-10T17:27:32.179+0200 INFO Return all persons saved in the JSON file.
2024-10-10T17:32:24.592+0200 INFO Initializing API SafetyNet.
2024-10-10T17:32:24.971+0200 INFO Starting Projet5SafetynetApiApplication using Java 17.0.11 with PID 3492 (C:\Workspace\_Openclassrooms\projet_formation_java\projet_5\projet_5_safetynet_api\target\classes started by Florent Lecointre in C:\Workspace\_Openclassrooms\projet_formation_java\projet_5\projet_5_safetynet_api)
2024-10-10T17:32:24.974+0200 INFO No active profile set, falling back to 1 default profile: "default"
2024-10-10T17:32:26.041+0200 INFO Fetching all data saved in the JSON file.
2024-10-10T17:32:26.043+0200 INFO Fetching all data saved in the JSON file.
2024-10-10T17:32:26.045+0200 INFO Fetching all data saved in the JSON file.
2024-10-10T17:32:26.049+0200 INFO Fetching all data saved in the JSON file.
2024-10-10T17:32:26.408+0200 INFO Started Projet5SafetynetApiApplication in 1.743 seconds (process running for 2.495)
2024-10-10T17:32:31.175+0200 INFO Trying to acces to get all persons informations depending the last name
2024-10-10T17:32:31.175+0200 INFO Return all the Persons informations saved in the JSON file.
2024-10-10T17:32:31.175+0200 INFO Return all medicalrecords saved in the JSON file.
2024-10-10T17:32:31.175+0200 INFO Return all persons saved in the JSON file.
